<?xml version="1.0" encoding="UTF-8"?>
<testsuite xmlns:xsi="http://www.w3.org/2001/XMLSchema-instance" xsi:noNamespaceSchemaLocation="https://maven.apache.org/surefire/maven-surefire-plugin/xsd/surefire-test-report-3.0.xsd" version="3.0" name="pe.edu.pucp.softProg.gestUsuario.AdministradorDAOTest" time="2.995" tests="2" errors="0" skipped="0" failures="0">
  <properties>
[...]
</properties>
  <testcase name="verificarRegistro" classname="pe.edu.pucp.softProg.gestUsuario.AdministradorDAOTest" time="1.913">
    <system-out><![CDATA[Se ha establecido la conexión con la BD...
Se ha realizado el registro de administrador
]]></system-out>
  </testcase>
  <testcase name="verificarEliminar" classname="pe.edu.pucp.softProg.gestUsuario.AdministradorDAOTest" time="1.055">
    <system-out><![CDATA[Se ha establecido la conexión con la BD...
Administrador con ID 27 desactivado correctamente.
]]></system-out>
  </testcase>
</testsuite>